2023-03-18 15:28:21,831 INFO  [Log] ****************           -S-T-A-R-T-LoginErrorMessage       **************** 
2023-03-18 15:28:21,841 INFO  [Log] My 1st log written by me Harshini 
2023-03-18 15:29:44,433 INFO  [Log] ****************           -S-T-A-R-T-login       **************** 
2023-03-18 15:29:44,439 INFO  [Log] My 1st log written by me Harshini 
2023-03-18 15:30:30,190 INFO  [Log] My 1st log written by me Harshini 
2023-03-18 15:32:39,440 INFO  [Log] SaiRam 
2023-03-18 15:33:24,442 INFO  [Log] My 1st log written by me Harshini 
2023-03-18 15:33:32,239 INFO  [Log] SaiRam 
2023-03-18 15:35:02,829 INFO  [Log] ****************           -S-T-A-R-T-login       **************** 
2023-03-18 15:35:02,838 INFO  [Log] My 1st log written by me Harshini 
2023-03-18 15:35:10,784 INFO  [Log] ****************           -S-T-A-R-T-login       **************** 
2023-03-18 15:35:10,785 INFO  [Log] SaiRam 
2023-03-18 15:35:19,850 INFO  [Log] ****************           -S-T-A-R-T-login       **************** 
2023-03-18 15:46:29,618 INFO  [Log] ****************           -S-T-A-R-T-login       **************** 
2023-03-18 15:46:29,624 INFO  [Log] My 1st log written by me Harshini 
2023-03-18 15:46:36,186 INFO  [Log] ****************           -S-T-A-R-T-login       **************** 
2023-03-18 15:46:36,187 INFO  [Log] SaiRam 
2023-03-18 15:46:47,918 INFO  [Log] ****************           -S-T-A-R-T-login       **************** 
2023-03-18 15:48:43,323 INFO  [Log] ****************           -S-T-A-R-T-login       **************** 
2023-03-18 15:48:43,392 INFO  [Log] My 1st log written by me Harshini 
2023-03-18 15:48:50,569 INFO  [Log] ****************           -S-T-A-R-T-login       **************** 
2023-03-18 15:48:50,571 INFO  [Log] SaiRam 
2023-03-18 15:48:58,056 INFO  [Log] ****************           -S-T-A-R-T-login       **************** 
2023-03-18 16:05:16,090 ERROR [Log] org.openqa.selenium.NoSuchElementException: no such element: Unable to locate element: {"method":"css selector","selector":"#rememberUn1"}
  (Session info: chrome=111.0.5563.65)
For documentation on this error, please visit: https://www.seleniumhq.org/exceptions/no_such_element.html
Build info: version: '3.141.59', revision: 'e82be7d358', time: '2018-11-14T08:17:03'
System info: host: 'HARSHINI', ip: '192.168.1.156', os.name: 'Windows 11', os.arch: 'amd64', os.version: '10.0', java.version: '17.0.5'
Driver info: org.openqa.selenium.chrome.ChromeDriver
Capabilities {acceptInsecureCerts: false, browserName: chrome, browserVersion: 111.0.5563.65, chrome: {chromedriverVersion: 111.0.5563.64 (c710e93d5b63..., userDataDir: C:\Users\harsh\AppData\Loca...}, goog:chromeOptions: {debuggerAddress: localhost:59302}, javascriptEnabled: true, networkConnectionEnabled: false, pageLoadStrategy: normal, platform: WINDOWS, platformName: WINDOWS, proxy: Proxy(), setWindowRect: true, strictFileInteractability: false, timeouts: {implicit: 0, pageLoad: 300000, script: 30000}, unhandledPromptBehavior: dismiss and notify, webauthn:extension:credBlob: true, webauthn:extension:largeBlob: true, webauthn:extension:minPinLength: true, webauthn:extension:prf: true, webauthn:virtualAuthenticators: true}
Session ID: da8f5570cfd71b1aca1eb2c21ccda554
*** Element info: {Using=id, value=rememberUn1} 
2023-03-18 16:08:48,843 INFO  [Log] ****************           -S-T-A-R-T-login       **************** 
2023-03-18 16:08:48,930 INFO  [Log] My 1st log written by me Harshini 
2023-03-18 16:08:56,833 INFO  [Log] ****************           -S-T-A-R-T-login       **************** 
2023-03-18 16:08:56,835 INFO  [Log] SaiRam 
2023-03-18 16:09:05,091 INFO  [Log] ****************           -S-T-A-R-T-login       **************** 
2023-03-18 16:09:05,287 ERROR [Log] org.openqa.selenium.NoSuchElementException: no such element: Unable to locate element: {"method":"css selector","selector":"#rememberUn1"}
  (Session info: chrome=111.0.5563.65)
For documentation on this error, please visit: https://www.seleniumhq.org/exceptions/no_such_element.html
Build info: version: '3.141.59', revision: 'e82be7d358', time: '2018-11-14T08:17:03'
System info: host: 'HARSHINI', ip: '192.168.1.156', os.name: 'Windows 11', os.arch: 'amd64', os.version: '10.0', java.version: '17.0.5'
Driver info: org.openqa.selenium.chrome.ChromeDriver
Capabilities {acceptInsecureCerts: false, browserName: chrome, browserVersion: 111.0.5563.65, chrome: {chromedriverVersion: 111.0.5563.64 (c710e93d5b63..., userDataDir: C:\Users\harsh\AppData\Loca...}, goog:chromeOptions: {debuggerAddress: localhost:59547}, javascriptEnabled: true, networkConnectionEnabled: false, pageLoadStrategy: normal, platform: WINDOWS, platformName: WINDOWS, proxy: Proxy(), setWindowRect: true, strictFileInteractability: false, timeouts: {implicit: 0, pageLoad: 300000, script: 30000}, unhandledPromptBehavior: dismiss and notify, webauthn:extension:credBlob: true, webauthn:extension:largeBlob: true, webauthn:extension:minPinLength: true, webauthn:extension:prf: true, webauthn:virtualAuthenticators: true}
Session ID: 6a36a72288cdfde1a0527598eb0fe46c
*** Element info: {Using=id, value=rememberUn1} 
2023-03-18 16:11:40,594 INFO  [Log] ****************           -S-T-A-R-T-login       **************** 
2023-03-18 16:11:40,723 INFO  [Log] My 1st log written by me Harshini 
2023-03-18 16:11:48,365 INFO  [Log] ****************           -S-T-A-R-T-login       **************** 
2023-03-18 16:11:48,366 INFO  [Log] SaiRam 
2023-03-18 16:11:56,212 INFO  [Log] ****************           -S-T-A-R-T-login       **************** 
2023-03-18 16:28:22,638 INFO  [Log] ****************           -S-T-A-R-T-login       **************** 
2023-03-18 16:28:22,744 INFO  [Log] My 1st log written by me Harshini 
2023-03-18 16:28:30,706 INFO  [Log] ****************           -S-T-A-R-T-login       **************** 
2023-03-18 16:28:30,707 INFO  [Log] SaiRam 
2023-03-18 16:28:46,803 INFO  [Log] ****************           -S-T-A-R-T-login       **************** 
2023-03-18 16:32:50,782 INFO  [Log] ****************           -S-T-A-R-T-login       **************** 
2023-03-18 16:32:50,860 INFO  [Log] My 1st log written by me Harshini 
2023-03-18 16:32:59,124 INFO  [Log] ****************           -S-T-A-R-T-login       **************** 
2023-03-18 16:32:59,126 INFO  [Log] SaiRam 
2023-03-18 16:33:12,667 INFO  [Log] ****************           -S-T-A-R-T-login       **************** 
2023-03-18 16:34:06,912 INFO  [Log] ****************           -S-T-A-R-T-login       **************** 
2023-03-18 16:34:06,993 INFO  [Log] My 1st log written by me Harshini 
2023-03-18 16:34:14,846 INFO  [Log] ****************           -S-T-A-R-T-login       **************** 
2023-03-18 16:34:14,849 INFO  [Log] SaiRam 
2023-03-18 16:34:24,344 INFO  [Log] ****************           -S-T-A-R-T-login       **************** 
2023-03-18 16:35:11,762 INFO  [Log] ****************           -S-T-A-R-T-login       **************** 
2023-03-18 16:35:11,818 INFO  [Log] My 1st log written by me Harshini 
2023-03-18 16:35:22,490 INFO  [Log] ****************           -S-T-A-R-T-login       **************** 
2023-03-18 16:35:22,491 INFO  [Log] SaiRam 
2023-03-18 16:35:33,142 INFO  [Log] ****************           -S-T-A-R-T-login       **************** 
2023-03-18 16:36:06,590 INFO  [Log] ****************           -S-T-A-R-T-login       **************** 
2023-03-18 16:36:06,669 INFO  [Log] My 1st log written by me Harshini 
2023-03-18 16:36:13,785 INFO  [Log] ****************           -S-T-A-R-T-login       **************** 
2023-03-18 16:36:13,787 INFO  [Log] SaiRam 
2023-03-18 16:36:21,840 INFO  [Log] ****************           -S-T-A-R-T-login       **************** 
2023-03-18 18:15:08,103 INFO  [Log] ****************           -S-T-A-R-T-login       **************** 
2023-03-18 18:15:08,116 INFO  [Log] SaiRam 
2023-03-18 18:29:33,207 INFO  [Log] ****************           -S-T-A-R-T-login       **************** 
2023-03-18 18:29:33,217 INFO  [Log] SaiRam 
2023-03-19 16:15:18,136 INFO  [Log] ****************           -S-T-A-R-T-login       **************** 
2023-03-19 16:15:18,304 INFO  [Log] SaiRam 
2023-03-19 16:15:25,856 INFO  [Log] ****************           -S-T-A-R-T-login       **************** 
2023-03-19 16:16:02,544 INFO  [Log] ****************           -S-T-A-R-T-login       **************** 
2023-03-19 16:16:02,685 INFO  [Log] My 1st log written by me Harshini 
2023-03-19 16:16:09,573 INFO  [Log] ****************           -S-T-A-R-T-login       **************** 
2023-03-19 16:16:09,575 INFO  [Log] SaiRam 
2023-03-19 16:16:16,977 INFO  [Log] ****************           -S-T-A-R-T-login       **************** 
2023-03-21 06:49:58,870 INFO  [Log] ****************           -S-T-A-R-T-login       **************** 
2023-03-21 06:49:59,091 INFO  [Log] My 1st log written by me Harshini 
2023-03-21 06:50:06,346 INFO  [Log] ****************           -S-T-A-R-T-login       **************** 
2023-03-21 06:50:06,349 INFO  [Log] SaiRam 
2023-03-21 06:50:14,282 INFO  [Log] ****************           -S-T-A-R-T-login       **************** 
2023-03-21 14:34:14,050 INFO  [Log] ****************           -S-T-A-R-T-login       **************** 
2023-03-21 14:34:14,064 INFO  [Log] SaiRam 
2023-03-22 15:39:08,186 INFO  [Log] ****************           -S-T-A-R-T-login       **************** 
2023-03-22 15:39:08,193 INFO  [Log] TestNG Framework 
2023-03-22 15:39:51,036 INFO  [Log] ****************           -S-T-A-R-T-login       **************** 
2023-03-22 16:33:20,145 INFO  [Log] ****************           -S-T-A-R-T-login       **************** 
2023-03-22 16:35:04,691 INFO  [Log] ****************           -S-T-A-R-T-login       **************** 
2023-03-22 16:35:06,547 INFO  [Log] ****************           -S-T-A-R-T-login       **************** 
2023-03-22 16:35:08,241 INFO  [Log] ****************           -S-T-A-R-T-login       **************** 
2023-03-22 16:35:08,243 INFO  [Log] My 1st log written by me Harshini 
2023-03-22 16:35:15,233 INFO  [Log] ****************           -S-T-A-R-T-login       **************** 
2023-03-22 16:35:15,236 INFO  [Log] TestNG Framework 
2023-03-22 16:35:32,312 INFO  [Log] ****************           -S-T-A-R-T-login       **************** 
2023-03-22 16:46:32,055 INFO  [Log] ****************           -S-T-A-R-T-login       **************** 
2023-03-22 16:46:32,061 INFO  [Log] My 1st log written by me Harshini 
2023-03-22 16:47:09,558 INFO  [Log] ****************           -S-T-A-R-T-login       **************** 
2023-03-22 16:47:09,566 INFO  [Log] My 1st log written by me Harshini 
2023-03-22 16:58:16,894 INFO  [Log] ****************           -S-T-A-R-T-login       **************** 
2023-03-22 16:58:16,903 INFO  [Log] My 1st log written by me Harshini 
2023-03-22 16:59:09,949 INFO  [Log] ****************           -S-T-A-R-T-login       **************** 
2023-03-22 16:59:09,957 INFO  [Log] My 1st log written by me Harshini 
2023-03-22 17:04:07,451 INFO  [Log] ****************           -S-T-A-R-T-login       **************** 
2023-03-22 17:04:26,992 INFO  [Log] ****************           -S-T-A-R-T-login       **************** 
2023-03-22 17:06:06,429 INFO  [Log] ****************           -S-T-A-R-T-login       **************** 
2023-03-22 17:14:55,499 INFO  [Log] ****************           -S-T-A-R-T-login       **************** 
2023-03-22 17:15:37,798 INFO  [Log] ****************           -S-T-A-R-T-login       **************** 
2023-03-22 17:16:46,874 INFO  [Log] ****************           -S-T-A-R-T-login       **************** 
2023-03-22 17:24:09,135 INFO  [Log] ****************           -S-T-A-R-T-login       **************** 
2023-03-22 17:24:23,135 INFO  [Log] ****************           -S-T-A-R-T-login       **************** 
2023-03-22 17:26:41,735 INFO  [Log] ****************           -S-T-A-R-T-login       **************** 
2023-03-22 17:26:44,995 INFO  [Log] ****************           -S-T-A-R-T-login       **************** 
2023-03-22 17:26:47,222 INFO  [Log] ****************           -S-T-A-R-T-login       **************** 
2023-03-22 17:26:47,223 INFO  [Log] My 1st log written by me Harshini 
2023-03-22 17:26:49,114 INFO  [Log] ****************           -S-T-A-R-T-login       **************** 
2023-03-22 17:26:49,115 INFO  [Log] TestNG Framework 
2023-03-22 17:26:59,185 INFO  [Log] ****************           -S-T-A-R-T-login       **************** 
2023-03-22 17:31:22,615 INFO  [Log] ****************           -S-T-A-R-T-login       **************** 
2023-03-22 17:31:22,625 INFO  [Log] My 1st log written by me Harshini 
2023-03-22 17:32:32,778 INFO  [Log] ****************           -S-T-A-R-T-login       **************** 
2023-03-22 17:32:32,784 INFO  [Log] TestNG Framework 
2023-03-22 17:33:17,567 INFO  [Log] ****************           -S-T-A-R-T-login       **************** 
2023-03-22 17:34:16,015 INFO  [Log] ****************           -S-T-A-R-T-login       **************** 
2023-03-22 17:34:52,226 INFO  [Log] ****************           -S-T-A-R-T-login       **************** 
2023-03-24 12:42:41,115 INFO  [Log] ****************           -S-T-A-R-T-login       **************** 
2023-03-24 23:26:29,381 INFO  [Log] ****************           -S-T-A-R-T-login       **************** 
2023-03-24 23:26:32,482 INFO  [Log] ****************           -S-T-A-R-T-login       **************** 
2023-03-24 23:26:35,859 INFO  [Log] ****************           -S-T-A-R-T-login       **************** 
2023-03-24 23:26:35,862 INFO  [Log] My 1st log written by me Harshini 
2023-03-24 23:26:39,299 INFO  [Log] ****************           -S-T-A-R-T-login       **************** 
2023-03-24 23:26:39,302 INFO  [Log] TestNG Framework 
2023-03-24 23:26:53,733 INFO  [Log] ****************           -S-T-A-R-T-login       **************** 
2023-03-24 23:55:41,787 INFO  [Log] ****************           -S-T-A-R-T-login       **************** 
2023-03-24 23:55:44,774 INFO  [Log] ****************           -S-T-A-R-T-login       **************** 
2023-03-24 23:55:46,295 INFO  [Log] ****************           -S-T-A-R-T-login       **************** 
2023-03-24 23:55:46,297 INFO  [Log] My 1st log written by me Harshini 
2023-03-24 23:55:48,261 INFO  [Log] ****************           -S-T-A-R-T-login       **************** 
2023-03-24 23:55:48,264 INFO  [Log] TestNG Framework 
2023-03-24 23:56:03,112 INFO  [Log] ****************           -S-T-A-R-T-login       **************** 
2023-03-24 23:56:20,618 INFO  [Log] ****************           -S-T-A-R-T-login       **************** 
2023-03-24 23:56:22,532 INFO  [Log] ****************           -S-T-A-R-T-login       **************** 
2023-03-24 23:56:25,422 INFO  [Log] ****************           -S-T-A-R-T-login       **************** 
2023-03-24 23:56:25,423 INFO  [Log] My 1st log written by me Harshini 
2023-03-24 23:56:28,915 INFO  [Log] ****************           -S-T-A-R-T-login       **************** 
2023-03-24 23:56:28,916 INFO  [Log] TestNG Framework 
2023-03-24 23:56:42,453 INFO  [Log] ****************           -S-T-A-R-T-login       **************** 
2023-03-24 23:58:03,977 INFO  [Log] ****************           -S-T-A-R-T-login       **************** 
2023-03-24 23:58:06,907 INFO  [Log] ****************           -S-T-A-R-T-login       **************** 
2023-03-24 23:58:08,354 INFO  [Log] ****************           -S-T-A-R-T-login       **************** 
2023-03-24 23:58:08,357 INFO  [Log] My 1st log written by me Harshini 
2023-03-24 23:58:10,673 INFO  [Log] ****************           -S-T-A-R-T-login       **************** 
2023-03-24 23:58:10,675 INFO  [Log] TestNG Framework 
2023-03-24 23:58:22,047 INFO  [Log] ****************           -S-T-A-R-T-login       **************** 
2023-03-24 23:59:22,525 INFO  [Log] ****************           -S-T-A-R-T-login       **************** 
2023-03-24 23:59:24,494 INFO  [Log] ****************           -S-T-A-R-T-login       **************** 
2023-03-24 23:59:26,254 INFO  [Log] ****************           -S-T-A-R-T-login       **************** 
2023-03-24 23:59:26,257 INFO  [Log] My 1st log written by me Harshini 
2023-03-24 23:59:29,701 INFO  [Log] ****************           -S-T-A-R-T-login       **************** 
2023-03-24 23:59:29,704 INFO  [Log] TestNG Framework 
2023-03-25 00:02:40,135 INFO  [Log] ****************           -S-T-A-R-T-login       **************** 
2023-03-25 00:02:46,315 INFO  [Log] ****************           -S-T-A-R-T-login       **************** 
2023-03-25 00:02:50,056 INFO  [Log] ****************           -S-T-A-R-T-login       **************** 
2023-03-25 00:02:50,058 INFO  [Log] My 1st log written by me Harshini 
2023-03-25 00:02:53,402 INFO  [Log] ****************           -S-T-A-R-T-login       **************** 
2023-03-25 00:02:53,404 INFO  [Log] TestNG Framework 
2023-03-25 00:03:12,149 INFO  [Log] ****************           -S-T-A-R-T-login       **************** 
2023-03-25 00:03:28,329 INFO  [Log] ****************           -S-T-A-R-T-login       **************** 
2023-03-25 00:03:30,086 INFO  [Log] ****************           -S-T-A-R-T-login       **************** 
2023-03-25 00:03:31,736 INFO  [Log] ****************           -S-T-A-R-T-login       **************** 
2023-03-25 00:03:31,738 INFO  [Log] My 1st log written by me Harshini 
2023-03-25 00:03:33,555 INFO  [Log] ****************           -S-T-A-R-T-login       **************** 
2023-03-25 00:03:33,557 INFO  [Log] TestNG Framework 
2023-03-25 00:03:47,238 INFO  [Log] ****************           -S-T-A-R-T-login       **************** 
2023-03-25 13:12:53,705 INFO  [Log] ****************           -S-T-A-R-T-login       **************** 
2023-03-25 13:12:57,533 INFO  [Log] ****************           -S-T-A-R-T-login       **************** 
2023-03-25 13:13:01,134 INFO  [Log] ****************           -S-T-A-R-T-login       **************** 
2023-03-25 13:13:01,137 INFO  [Log] My 1st log written by me Harshini 
2023-03-25 13:13:05,522 INFO  [Log] ****************           -S-T-A-R-T-login       **************** 
2023-03-25 13:13:05,524 INFO  [Log] TestNG Framework 
2023-03-25 13:13:24,756 INFO  [Log] ****************           -S-T-A-R-T-login       **************** 
2023-03-25 13:13:33,257 INFO  [Log] ****************           -S-T-A-R-T-login       **************** 
2023-03-25 13:13:35,913 INFO  [Log] ****************           -S-T-A-R-T-login       **************** 
2023-03-25 13:13:38,986 INFO  [Log] ****************           -S-T-A-R-T-login       **************** 
2023-03-25 13:13:38,987 INFO  [Log] My 1st log written by me Harshini 
2023-03-25 13:13:40,955 INFO  [Log] ****************           -S-T-A-R-T-login       **************** 
2023-03-25 13:13:40,958 INFO  [Log] TestNG Framework 
2023-03-25 13:13:50,781 INFO  [Log] ****************           -S-T-A-R-T-login       **************** 
2023-03-25 13:30:21,800 INFO  [Log] ****************           -S-T-A-R-T-login       **************** 
2023-03-25 13:30:25,845 INFO  [Log] ****************           -S-T-A-R-T-login       **************** 
2023-03-25 13:30:29,500 INFO  [Log] ****************           -S-T-A-R-T-login       **************** 
2023-03-25 13:30:29,503 INFO  [Log] My 1st log written by me Harshini 
2023-03-25 13:30:34,701 INFO  [Log] ****************           -S-T-A-R-T-login       **************** 
2023-03-25 13:30:36,701 INFO  [Log] ****************           -S-T-A-R-T-login       **************** 
2023-03-25 13:30:39,445 INFO  [Log] ****************           -S-T-A-R-T-login       **************** 
2023-03-25 13:30:39,447 INFO  [Log] My 1st log written by me Harshini 
2023-03-25 13:30:41,558 INFO  [Log] ****************           -S-T-A-R-T-login       **************** 
2023-03-25 13:30:41,559 INFO  [Log] TestNG Framework 
2023-03-25 13:30:54,389 INFO  [Log] ****************           -S-T-A-R-T-login       **************** 
2023-03-25 13:32:09,288 INFO  [Log] ****************           -S-T-A-R-T-login       **************** 
2023-03-25 13:32:11,292 INFO  [Log] ****************           -S-T-A-R-T-login       **************** 
2023-03-25 13:32:14,283 INFO  [Log] ****************           -S-T-A-R-T-login       **************** 
2023-03-25 13:32:14,285 INFO  [Log] My 1st log written by me Harshini 
2023-03-25 13:32:16,269 INFO  [Log] ****************           -S-T-A-R-T-login       **************** 
2023-03-25 13:32:16,271 INFO  [Log] TestNG Framework 
2023-03-25 13:32:32,450 INFO  [Log] ****************           -S-T-A-R-T-login       **************** 
2023-03-25 13:33:16,148 INFO  [Log] ****************           -S-T-A-R-T-login       **************** 
2023-03-25 13:33:18,435 INFO  [Log] ****************           -S-T-A-R-T-login       **************** 
2023-03-25 13:33:21,183 INFO  [Log] ****************           -S-T-A-R-T-login       **************** 
2023-03-25 13:33:21,185 INFO  [Log] My 1st log written by me Harshini 
2023-03-25 13:33:23,155 INFO  [Log] ****************           -S-T-A-R-T-login       **************** 
2023-03-25 13:33:23,157 INFO  [Log] TestNG Framework 
2023-03-25 13:33:33,660 INFO  [Log] ****************           -S-T-A-R-T-login       **************** 
2023-03-25 13:33:50,857 INFO  [Log] ****************           -S-T-A-R-T-login       **************** 
2023-03-25 13:33:53,969 INFO  [Log] ****************           -S-T-A-R-T-login       **************** 
2023-03-25 13:33:55,653 INFO  [Log] ****************           -S-T-A-R-T-login       **************** 
2023-03-25 13:33:55,657 INFO  [Log] My 1st log written by me Harshini 
2023-03-25 13:33:59,217 INFO  [Log] ****************           -S-T-A-R-T-login       **************** 
2023-03-25 13:33:59,220 INFO  [Log] TestNG Framework 
2023-03-25 13:34:16,736 INFO  [Log] ****************           -S-T-A-R-T-login       **************** 
2023-03-25 13:36:17,981 INFO  [Log] ****************           -S-T-A-R-T-login       **************** 
2023-03-25 13:36:18,105 INFO  [Log] TestNG Framework 
2023-03-25 13:36:31,721 INFO  [Log] ****************           -S-T-A-R-T-login       **************** 
2023-03-25 13:36:31,724 INFO  [Log] TestNG Framework 
2023-03-25 13:37:30,416 INFO  [Log] ****************           -S-T-A-R-T-login       **************** 
2023-03-25 13:37:30,430 INFO  [Log] TestNG Framework 
2023-03-25 13:38:02,907 INFO  [Log] ****************           -S-T-A-R-T-login       **************** 
2023-03-25 13:38:02,998 INFO  [Log] TestNG Framework 
2023-03-25 13:38:19,087 INFO  [Log] ****************           -S-T-A-R-T-login       **************** 
2023-03-25 13:38:19,089 INFO  [Log] TestNG Framework 
2023-03-25 13:39:47,066 INFO  [Log] ****************           -S-T-A-R-T-login       **************** 
2023-03-25 13:39:47,211 INFO  [Log] TestNG Framework 
2023-03-25 13:39:59,660 INFO  [Log] ****************           -S-T-A-R-T-login       **************** 
2023-03-25 13:39:59,662 INFO  [Log] TestNG Framework 
2023-03-25 13:44:17,611 INFO  [Log] ****************           -S-T-A-R-T-login       **************** 
2023-03-25 13:44:17,621 INFO  [Log] TestNG Framework 
2023-03-25 13:46:08,920 INFO  [Log] ****************           -S-T-A-R-T-login       **************** 
2023-03-25 13:46:09,036 INFO  [Log] TestNG Framework 
2023-03-25 13:47:17,701 INFO  [Log] ****************           -S-T-A-R-T-login       **************** 
2023-03-25 13:47:17,824 INFO  [Log] TestNG Framework 
2023-03-25 13:48:02,670 INFO  [Log] ****************           -S-T-A-R-T-login       **************** 
2023-03-25 13:48:02,745 INFO  [Log] TestNG Framework 
2023-03-25 13:48:44,314 INFO  [Log] ****************           -S-T-A-R-T-login       **************** 
2023-03-25 13:48:44,433 INFO  [Log] TestNG Framework 
2023-03-25 13:50:24,283 INFO  [Log] ****************           -S-T-A-R-T-login       **************** 
2023-03-25 13:50:24,367 INFO  [Log] TestNG Framework 
2023-03-25 13:51:12,101 INFO  [Log] ****************           -S-T-A-R-T-login       **************** 
2023-03-25 13:51:12,200 INFO  [Log] TestNG Framework 
2023-03-25 13:57:18,203 INFO  [Log] ****************           -S-T-A-R-T-login       **************** 
2023-03-25 13:57:18,259 INFO  [Log] TestNG Framework 
2023-03-25 13:59:39,272 INFO  [Log] ****************           -S-T-A-R-T-login       **************** 
2023-03-25 13:59:39,354 INFO  [Log] TestNG Framework 
2023-03-25 14:14:01,536 INFO  [Log] ****************           -S-T-A-R-T-login       **************** 
2023-03-25 14:14:01,673 INFO  [Log] TestNG Framework 
2023-03-25 14:14:52,960 INFO  [Log] ****************           -S-T-A-R-T-login       **************** 
2023-03-25 14:14:53,052 INFO  [Log] TestNG Framework 
2023-03-25 14:18:20,689 INFO  [Log] ****************           -S-T-A-R-T-login       **************** 
2023-03-25 14:18:20,779 INFO  [Log] TestNG Framework 
2023-03-25 14:20:38,656 INFO  [Log] ****************           -S-T-A-R-T-login       **************** 
2023-03-25 14:20:38,761 INFO  [Log] TestNG Framework 
2023-03-25 14:21:19,522 INFO  [Log] ****************           -S-T-A-R-T-login       **************** 
2023-03-25 14:21:19,625 INFO  [Log] TestNG Framework 
2023-03-25 14:22:04,687 INFO  [Log] ****************           -S-T-A-R-T-login       **************** 
2023-03-25 14:22:04,770 INFO  [Log] TestNG Framework 
2023-03-25 14:22:46,293 INFO  [Log] ****************           -S-T-A-R-T-login       **************** 
2023-03-25 14:22:46,467 INFO  [Log] TestNG Framework 
2023-03-25 15:19:52,068 INFO  [Log] ****************           -S-T-A-R-T-login       **************** 
2023-03-25 15:19:52,144 INFO  [Log] TestNG Framework 
2023-03-25 15:23:07,875 INFO  [Log] ****************           -S-T-A-R-T-login       **************** 
2023-03-25 15:23:07,999 INFO  [Log] TestNG Framework 
2023-03-25 15:26:38,929 INFO  [Log] ****************           -S-T-A-R-T-login       **************** 
2023-03-25 15:26:39,028 INFO  [Log] TestNG Framework 
2023-03-25 17:21:51,069 INFO  [Log] ****************           -S-T-A-R-T-login       **************** 
2023-03-25 17:21:51,083 INFO  [Log] TestNG Framework 
2023-03-25 17:22:22,550 INFO  [Log] ****************           -S-T-A-R-T-login       **************** 
2023-03-25 17:22:22,558 INFO  [Log] TestNG Framework 
2023-03-25 17:27:36,822 INFO  [Log] ****************           -S-T-A-R-T-login       **************** 
2023-03-25 17:27:40,109 INFO  [Log] ****************           -S-T-A-R-T-login       **************** 
2023-03-25 17:27:42,944 INFO  [Log] ****************           -S-T-A-R-T-login       **************** 
2023-03-25 17:27:42,945 INFO  [Log] My 1st log written by me Harshini 
2023-03-25 17:27:46,169 INFO  [Log] ****************           -S-T-A-R-T-login       **************** 
2023-03-25 17:27:46,170 INFO  [Log] TestNG Framework 
2023-03-25 17:27:58,825 INFO  [Log] ****************           -S-T-A-R-T-login       **************** 
2023-03-25 17:29:41,832 INFO  [Log] ****************           -S-T-A-R-T-login       **************** 
2023-03-25 17:29:43,993 INFO  [Log] ****************           -S-T-A-R-T-login       **************** 
2023-03-25 17:29:45,789 INFO  [Log] ****************           -S-T-A-R-T-login       **************** 
2023-03-25 17:29:45,791 INFO  [Log] My 1st log written by me Harshini 
2023-03-25 17:29:49,134 INFO  [Log] ****************           -S-T-A-R-T-login       **************** 
2023-03-25 17:29:49,136 INFO  [Log] TestNG Framework 
2023-03-25 17:30:00,578 INFO  [Log] ****************           -S-T-A-R-T-login       **************** 
2023-03-25 20:30:11,089 INFO  [Log] ****************           -S-T-A-R-T-login       **************** 
2023-03-25 20:30:13,014 INFO  [Log] ****************           -S-T-A-R-T-login       **************** 
2023-03-25 20:30:14,571 INFO  [Log] ****************           -S-T-A-R-T-login       **************** 
2023-03-25 20:30:14,572 INFO  [Log] My 1st log written by me Harshini 
2023-03-25 20:30:16,494 INFO  [Log] ****************           -S-T-A-R-T-login       **************** 
2023-03-25 20:30:16,494 INFO  [Log] TestNG Framework 
2023-03-25 20:30:25,640 INFO  [Log] ****************           -S-T-A-R-T-login       **************** 
2023-03-25 20:31:27,980 INFO  [Log] ****************           -S-T-A-R-T-login       **************** 
2023-03-25 20:47:11,808 INFO  [Log] ****************           -S-T-A-R-T-login       **************** 
2023-03-25 20:47:15,112 INFO  [Log] ****************           -S-T-A-R-T-login       **************** 
2023-03-25 20:47:16,614 INFO  [Log] ****************           -S-T-A-R-T-login       **************** 
2023-03-25 20:47:16,616 INFO  [Log] My 1st log written by me Harshini 
2023-03-25 20:47:18,409 INFO  [Log] ****************           -S-T-A-R-T-login       **************** 
2023-03-25 20:47:18,410 INFO  [Log] TestNG Framework 
2023-03-25 20:47:26,598 INFO  [Log] ****************           -S-T-A-R-T-login       **************** 
2023-03-27 15:13:53,418 INFO  [Log] ****************           -S-T-A-R-T-login       **************** 
2023-03-27 15:13:53,428 INFO  [Log] TestNG Framework 
2023-03-27 15:15:15,495 INFO  [Log] ****************           -S-T-A-R-T-login       **************** 
2023-03-27 15:15:18,579 INFO  [Log] ****************           -S-T-A-R-T-login       **************** 
2023-03-27 15:15:21,327 INFO  [Log] ****************           -S-T-A-R-T-login       **************** 
2023-03-27 15:15:21,328 INFO  [Log] My 1st log written by me Harshini 
2023-03-27 15:15:24,068 INFO  [Log] ****************           -S-T-A-R-T-login       **************** 
2023-03-27 15:15:24,068 INFO  [Log] TestNG Framework 
2023-03-27 15:15:33,931 INFO  [Log] ****************           -S-T-A-R-T-login       **************** 
2023-03-27 15:16:27,434 INFO  [Log] ****************           -S-T-A-R-T-login       **************** 
2023-03-27 15:16:31,683 INFO  [Log] ****************           -S-T-A-R-T-login       **************** 
2023-03-27 15:16:35,823 INFO  [Log] ****************           -S-T-A-R-T-login       **************** 
2023-03-27 15:16:35,826 INFO  [Log] My 1st log written by me Harshini 
2023-03-27 15:16:38,901 INFO  [Log] ****************           -S-T-A-R-T-login       **************** 
2023-03-27 15:16:38,901 INFO  [Log] TestNG Framework 
2023-03-27 15:16:47,374 INFO  [Log] ****************           -S-T-A-R-T-login       **************** 
2023-03-27 15:24:20,001 INFO  [Log] ****************           -S-T-A-R-T-login       **************** 
2023-03-27 15:24:23,106 INFO  [Log] ****************           -S-T-A-R-T-login       **************** 
2023-03-27 15:24:25,712 INFO  [Log] ****************           -S-T-A-R-T-login       **************** 
2023-03-27 15:24:25,715 INFO  [Log] My 1st log written by me Harshini 
2023-03-27 15:24:28,225 INFO  [Log] ****************           -S-T-A-R-T-login       **************** 
2023-03-27 15:24:28,233 INFO  [Log] TestNG Framework 
2023-03-27 15:24:37,839 INFO  [Log] ****************           -S-T-A-R-T-login       **************** 
2023-03-27 15:26:50,536 INFO  [Log] ****************           -S-T-A-R-T-login       **************** 
2023-03-27 15:26:53,643 INFO  [Log] ****************           -S-T-A-R-T-login       **************** 
2023-03-27 15:26:56,399 INFO  [Log] ****************           -S-T-A-R-T-login       **************** 
2023-03-27 15:26:56,399 INFO  [Log] My 1st log written by me Harshini 
2023-03-27 15:27:00,148 INFO  [Log] ****************           -S-T-A-R-T-login       **************** 
2023-03-27 15:27:00,154 INFO  [Log] TestNG Framework 
2023-03-27 15:27:10,101 INFO  [Log] ****************           -S-T-A-R-T-login       **************** 
2023-03-27 15:40:26,375 INFO  [Log] ****************           -S-T-A-R-T-login       **************** 
2023-03-27 15:40:30,562 INFO  [Log] ****************           -S-T-A-R-T-login       **************** 
2023-03-27 15:40:33,233 INFO  [Log] ****************           -S-T-A-R-T-login       **************** 
2023-03-27 15:40:33,233 INFO  [Log] My 1st log written by me Harshini 
2023-03-27 15:40:35,896 INFO  [Log] ****************           -S-T-A-R-T-login       **************** 
2023-03-27 15:40:35,896 INFO  [Log] TestNG Framework 
2023-03-27 15:40:51,685 INFO  [Log] ****************           -S-T-A-R-T-login       **************** 
2023-03-27 15:41:37,390 INFO  [Log] ****************           -S-T-A-R-T-login       **************** 
2023-03-27 15:41:41,585 INFO  [Log] ****************           -S-T-A-R-T-login       **************** 
2023-03-27 15:41:44,156 INFO  [Log] ****************           -S-T-A-R-T-login       **************** 
2023-03-27 15:41:44,156 INFO  [Log] My 1st log written by me Harshini 
2023-03-27 15:41:46,659 INFO  [Log] ****************           -S-T-A-R-T-login       **************** 
2023-03-27 15:41:46,662 INFO  [Log] TestNG Framework 
2023-03-27 15:41:55,323 INFO  [Log] ****************           -S-T-A-R-T-login       **************** 
2023-03-27 15:50:06,978 INFO  [Log] ****************           -S-T-A-R-T-login       **************** 
2023-03-27 15:50:09,938 INFO  [Log] ****************           -S-T-A-R-T-login       **************** 
2023-03-27 15:50:12,647 INFO  [Log] ****************           -S-T-A-R-T-login       **************** 
2023-03-27 15:50:12,647 INFO  [Log] My 1st log written by me Harshini 
2023-03-27 15:50:15,148 INFO  [Log] ****************           -S-T-A-R-T-login       **************** 
2023-03-27 15:50:15,148 INFO  [Log] TestNG Framework 
2023-03-27 15:50:23,949 INFO  [Log] ****************           -S-T-A-R-T-login       **************** 
2023-03-27 15:53:30,037 INFO  [Log] ****************           -S-T-A-R-T-login       **************** 
2023-03-27 15:53:33,400 INFO  [Log] ****************           -S-T-A-R-T-login       **************** 
2023-03-27 15:53:37,320 INFO  [Log] ****************           -S-T-A-R-T-login       **************** 
2023-03-27 15:53:37,320 INFO  [Log] My 1st log written by me Harshini 
2023-03-27 15:53:40,128 INFO  [Log] ****************           -S-T-A-R-T-login       **************** 
2023-03-27 15:53:40,136 INFO  [Log] TestNG Framework 
2023-03-27 15:53:48,949 INFO  [Log] ****************           -S-T-A-R-T-login       **************** 
2023-03-27 15:54:36,876 INFO  [Log] ****************           -S-T-A-R-T-login       **************** 
2023-03-27 15:54:40,846 INFO  [Log] ****************           -S-T-A-R-T-login       **************** 
2023-03-27 15:54:43,810 INFO  [Log] ****************           -S-T-A-R-T-login       **************** 
2023-03-27 15:54:43,810 INFO  [Log] My 1st log written by me Harshini 
2023-03-27 15:54:46,388 INFO  [Log] ****************           -S-T-A-R-T-login       **************** 
2023-03-27 15:54:46,388 INFO  [Log] TestNG Framework 
2023-03-27 15:54:56,249 INFO  [Log] ****************           -S-T-A-R-T-login       **************** 
2023-03-27 15:59:21,540 INFO  [Log] ****************           -S-T-A-R-T-login       **************** 
2023-03-27 15:59:24,529 INFO  [Log] ****************           -S-T-A-R-T-login       **************** 
2023-03-27 15:59:27,048 INFO  [Log] ****************           -S-T-A-R-T-login       **************** 
2023-03-27 15:59:27,049 INFO  [Log] My 1st log written by me Harshini 
2023-03-27 15:59:29,480 INFO  [Log] ****************           -S-T-A-R-T-login       **************** 
2023-03-27 15:59:29,484 INFO  [Log] TestNG Framework 
2023-03-27 15:59:39,072 INFO  [Log] ****************           -S-T-A-R-T-login       **************** 
2023-03-27 16:00:22,692 INFO  [Log] ****************           -S-T-A-R-T-login       **************** 
2023-03-27 16:00:25,790 INFO  [Log] ****************           -S-T-A-R-T-login       **************** 
2023-03-27 16:00:29,435 INFO  [Log] ****************           -S-T-A-R-T-login       **************** 
2023-03-27 16:00:29,435 INFO  [Log] My 1st log written by me Harshini 
2023-03-27 16:00:32,054 INFO  [Log] ****************           -S-T-A-R-T-login       **************** 
2023-03-27 16:00:32,054 INFO  [Log] TestNG Framework 
2023-03-27 16:00:41,236 INFO  [Log] ****************           -S-T-A-R-T-login       **************** 
2023-03-27 16:01:55,009 INFO  [Log] ****************           -S-T-A-R-T-login       **************** 
2023-03-27 16:01:57,948 INFO  [Log] ****************           -S-T-A-R-T-login       **************** 
2023-03-27 16:02:07,587 INFO  [Log] ****************           -S-T-A-R-T-login       **************** 
2023-03-27 16:02:07,588 INFO  [Log] My 1st log written by me Harshini 
2023-03-27 16:02:10,515 INFO  [Log] ****************           -S-T-A-R-T-login       **************** 
2023-03-27 16:02:10,515 INFO  [Log] TestNG Framework 
2023-03-27 16:02:20,497 INFO  [Log] ****************           -S-T-A-R-T-login       **************** 
2023-03-27 16:03:24,025 INFO  [Log] ****************           -S-T-A-R-T-login       **************** 
2023-03-27 16:03:27,720 INFO  [Log] ****************           -S-T-A-R-T-login       **************** 
2023-03-27 16:03:30,547 INFO  [Log] ****************           -S-T-A-R-T-login       **************** 
2023-03-27 16:03:30,547 INFO  [Log] My 1st log written by me Harshini 
2023-03-27 16:03:33,093 INFO  [Log] ****************           -S-T-A-R-T-login       **************** 
2023-03-27 16:03:33,093 INFO  [Log] TestNG Framework 
2023-03-27 16:03:41,883 INFO  [Log] ****************           -S-T-A-R-T-login       **************** 
2023-04-01 22:36:25,621 INFO  [Log] ****************           -S-T-A-R-T-login       **************** 
2023-04-01 22:36:25,630 INFO  [Log] TestNG Framework 
2023-04-01 22:38:00,279 INFO  [Log] ****************           -S-T-A-R-T-login       **************** 
2023-04-01 22:38:00,291 INFO  [Log] TestNG Framework 
2023-04-01 22:40:36,366 INFO  [Log] ****************           -S-T-A-R-T-login       **************** 
2023-04-01 22:40:36,377 INFO  [Log] TestNG Framework 
2023-04-01 22:41:05,428 INFO  [Log] ****************           -S-T-A-R-T-login       **************** 
2023-04-01 22:41:05,441 INFO  [Log] TestNG Framework 
